{"tag":"chat_messages_post","ms":9853,"method":"POST","path":"/api/chat/messages/post"}
{"tag":"chat_messages_post","ms":291,"method":"POST","path":"/api/chat/messages/post"}
{"tag":"chat_messages_post","ms":81,"method":"POST","path":"/api/chat/messages/post"}
{"tag":"chat_api_timing","route":"/api/chat/threads/list","method":"GET","ms":35}
{"tag":"chat_api_timing","route":"/api/chat/threads/list","method":"GET","ms":22}
{"tag":"chat_api_timing","route":"/api/chat/threads/list","method":"GET","ms":36}
{"tag":"chat_api_timing","route":"/api/chat/threads/list","method":"GET","ms":87}
{"tag":"chat_api_timing","route":"/api/chat/threads/list","method":"GET","ms":521}
{"tag":"chat_api_timing","route":"/api/chat/messages/list","method":"GET","ms":21}
{"tag":"chat_api_timing","route":"/api/chat/messages/list","method":"GET","ms":11}
{"tag":"chat_api_timing","route":"/api/chat/threads/list","method":"GET","ms":705}
{"tag":"chat_api_timing","route":"/api/chat/threads/list","method":"GET","ms":81}
{"tag":"chat_api_timing","route":"/api/chat/threads/list","method":"GET","ms":389}
{"tag":"chat_api_timing","route":"/api/chat/messages/list","method":"GET","ms":443}
{"tag":"chat_api_timing","route":"/api/chat/messages/list","method":"GET","ms":298}
{"tag":"chat_messages_post","ms":5688,"method":"POST","path":"/api/chat/messages/post"}
{"tag":"chat_api_timing","route":"/api/chat/messages/list","method":"GET","ms":402}
{"tag":"chat_api_timing","route":"/api/chat/threads/list","method":"GET","ms":403}
{"tag":"chat_api_timing","route":"/api/chat/threads/list","method":"GET","ms":424}
{"tag":"chat_api_timing","route":"/api/chat/messages/list","method":"GET","ms":522}
{"tag":"chat_messages_post","ms":7637,"method":"POST","path":"/api/chat/messages/post"}
{"tag":"chat_api_timing","route":"/api/chat/messages/list","method":"GET","ms":302}
{"tag":"chat_api_timing","route":"/api/chat/threads/list","method":"GET","ms":280}
{"tag":"chat_api_timing","route":"/api/chat/threads/list","method":"GET","ms":749}
{"tag":"chat_api_timing","route":"/api/chat/messages/list","method":"GET","ms":465}
{"tag":"chat_api_timing","route":"/api/chat/threads/list","method":"GET","ms":311}
{"tag":"chat_api_timing","route":"/api/chat/messages/list","method":"GET","ms":526}
{"tag":"chat_api_timing","route":"/api/chat/threads/list","method":"GET","ms":424}
{"tag":"chat_api_timing","route":"/api/chat/messages/list","method":"GET","ms":492}
{"tag":"chat_api_timing","route":"/api/chat/threads/list","method":"GET","ms":358}
{"tag":"chat_api_timing","route":"/api/chat/messages/list","method":"GET","ms":420}
{"tag":"chat_api_timing","route":"/api/chat/threads/list","method":"GET","ms":365}
{"tag":"chat_api_timing","route":"/api/chat/threads/list","method":"GET","ms":324}
{"tag":"chat_api_timing","route":"/api/chat/messages/list","method":"GET","ms":394}
{"tag":"chat_api_timing","route":"/api/chat/threads/list","method":"GET","ms":357}
{"tag":"auth_debug","expectedCookie":"sb-sjstgotitjapjkvxryru-auth-token","hasExpected":true,"cookieNames":["__next_hmr_refresh_hash__","sb-sjstgotitjapjkvxryru-auth-token","ph_phc_39aFU6Sf6qWg3BTMWyEpBygk783ZNqtwCD2RBAtQty9_posthog"]}
{"tag":"chat_api_timing","route":"/api/chat/messages/list","method":"GET","status":"ok","ms":425,"userId":null}
{"tag":"auth_debug","expectedCookie":"sb-sjstgotitjapjkvxryru-auth-token","hasExpected":true,"cookieNames":["__next_hmr_refresh_hash__","sb-sjstgotitjapjkvxryru-auth-token","ph_phc_39aFU6Sf6qWg3BTMWyEpBygk783ZNqtwCD2RBAtQty9_posthog"]}
{"tag":"chat_api_timing","route":"/api/chat/threads/rename","method":"POST","status":"ok","ms":163,"userId":null}
{"tag":"chat_api_timing","route":"/api/chat/threads/list","method":"GET","ms":414}
{"tag":"auth_debug","expectedCookie":"sb-sjstgotitjapjkvxryru-auth-token","hasExpected":true,"cookieNames":["__next_hmr_refresh_hash__","sb-sjstgotitjapjkvxryru-auth-token","ph_phc_39aFU6Sf6qWg3BTMWyEpBygk783ZNqtwCD2RBAtQty9_posthog"]}
{"tag":"chat_api_timing","route":"/api/chat/threads/delete","method":"POST","status":"ok","ms":224,"userId":null}
{"tag":"chat_api_timing","route":"/api/chat/threads/list","method":"GET","ms":236}
{"tag":"chat_api_timing","route":"/api/chat/threads/list","method":"GET","ms":400}
{"tag":"auth_debug","expectedCookie":"sb-sjstgotitjapjkvxryru-auth-token","hasExpected":true,"cookieNames":["sb-sjstgotitjapjkvxryru-auth-token","__next_hmr_refresh_hash__","ph_phc_39aFU6Sf6qWg3BTMWyEpBygk783ZNqtwCD2RBAtQty9_posthog"]}
{"tag":"chat_api_timing","route":"/api/chat/messages/list","method":"GET","status":"ok","ms":557,"userId":null}
{"tag":"chat_messages_post","ms":312,"method":"POST","path":"/api/chat/messages/post"}
{"tag":"chat_api_timing","route":"/api/chat/threads/list","method":"GET","ms":70}
{"tag":"chat_api_timing","route":"/api/chat/threads/list","method":"GET","ms":439}
{"tag":"chat_messages_post","ms":97,"method":"POST","path":"/api/chat/messages/post"}
