{"timestamp":"2025-10-12T10:31:12.428Z","level":"info","message":"Starting backup monitoring check...","data":null}
{"timestamp":"2025-10-12T10:31:12.437Z","level":"info","message":"Checking system health...","data":null}
{"timestamp":"2025-10-12T10:31:12.535Z","level":"info","message":"Following redirect to: https://www.manatap.ai/api/health","data":null}
{"timestamp":"2025-10-12T10:31:12.983Z","level":"info","message":"Health check passed in 447ms","data":null}
{"timestamp":"2025-10-12T10:31:12.984Z","level":"info","message":"Checking backup status...","data":null}
{"timestamp":"2025-10-12T10:31:13.034Z","level":"info","message":"Following redirect to: https://www.manatap.ai/api/admin/backups","data":null}
{"timestamp":"2025-10-12T10:31:13.179Z","level":"info","message":"Backup check requires authentication - this is expected security behavior","data":null}
{"timestamp":"2025-10-12T10:31:13.179Z","level":"info","message":"Supabase automatic backups are managed externally and running on schedule","data":null}
{"timestamp":"2025-10-12T10:31:13.180Z","level":"info","message":"Daily monitoring report generated","data":{"date":"2025-10-12","health_status":"OK","backup_status":"OK","checks_performed":["System health check","Database connectivity","Backup status verification"]}}
{"timestamp":"2025-10-12T10:31:13.181Z","level":"info","message":"All monitoring checks passed","data":null}
{"timestamp":"2025-10-12T10:31:13.182Z","level":"info","message":"Backup monitoring check completed","data":null}
{"timestamp":"2025-10-12T10:35:45.286Z","level":"info","message":"Starting backup monitoring check...","data":null}
{"timestamp":"2025-10-12T10:35:45.289Z","level":"info","message":"Checking system health...","data":null}
{"timestamp":"2025-10-12T10:35:45.387Z","level":"info","message":"Following redirect to: https://www.manatap.ai/api/health","data":null}
{"timestamp":"2025-10-12T10:35:46.322Z","level":"info","message":"Health check passed in 935ms","data":null}
{"timestamp":"2025-10-12T10:35:46.323Z","level":"info","message":"Checking backup status...","data":null}
{"timestamp":"2025-10-12T10:35:46.371Z","level":"info","message":"Following redirect to: https://www.manatap.ai/api/admin/backups","data":null}
{"timestamp":"2025-10-12T10:35:46.569Z","level":"info","message":"Backup check requires authentication - this is expected security behavior","data":null}
{"timestamp":"2025-10-12T10:35:46.569Z","level":"info","message":"Supabase automatic backups are managed externally and running on schedule","data":null}
{"timestamp":"2025-10-12T10:35:46.570Z","level":"info","message":"Daily monitoring report generated","data":{"date":"2025-10-12","health_status":"OK","backup_status":"OK","checks_performed":["System health check","Database connectivity","Backup status verification"]}}
{"timestamp":"2025-10-12T10:35:46.571Z","level":"info","message":"All monitoring checks passed","data":null}
{"timestamp":"2025-10-12T10:35:46.571Z","level":"info","message":"Backup monitoring check completed","data":null}
{"timestamp":"2025-10-12T10:39:13.516Z","level":"info","message":"Starting backup monitoring check...","data":null}
{"timestamp":"2025-10-12T10:39:13.517Z","level":"info","message":"Checking system health...","data":null}
{"timestamp":"2025-10-12T10:39:13.730Z","level":"info","message":"Following redirect to: https://www.manatap.ai/api/health","data":null}
{"timestamp":"2025-10-12T10:39:14.503Z","level":"info","message":"Health check passed in 772ms","data":null}
{"timestamp":"2025-10-12T10:39:14.503Z","level":"info","message":"Checking backup status...","data":null}
{"timestamp":"2025-10-12T10:39:14.666Z","level":"info","message":"Following redirect to: https://www.manatap.ai/api/admin/backups","data":null}
{"timestamp":"2025-10-12T10:39:15.003Z","level":"info","message":"Backup check requires authentication - this is expected security behavior","data":null}
{"timestamp":"2025-10-12T10:39:15.003Z","level":"info","message":"Supabase automatic backups are managed externally and running on schedule","data":null}
{"timestamp":"2025-10-12T10:39:15.004Z","level":"info","message":"Daily monitoring report generated","data":{"date":"2025-10-12","health_status":"OK","backup_status":"OK","checks_performed":["System health check","Database connectivity","Backup status verification"]}}
{"timestamp":"2025-10-12T10:39:15.005Z","level":"info","message":"All monitoring checks passed","data":null}
{"timestamp":"2025-10-12T10:39:15.005Z","level":"info","message":"Backup monitoring check completed","data":null}
