{"ts":"2026-05-27T18:46:56.243Z","level":"info","msg":"run_start","limit":"ALL","version":2,"imageSource":"normal","supabaseHost":"sjstgotitjapjkvxryru.supabase.co"}
{"ts":"2026-05-27T18:46:56.244Z","level":"info","msg":"fetch_config","imageSource":"normal","column":"normal"}
{"ts":"2026-05-27T18:46:56.444Z","level":"info","msg":"fetch_page","pageNum":1,"from":0,"pageRows":500,"totalRows":500}
{"ts":"2026-05-27T18:46:57.390Z","level":"info","msg":"fetch_page","pageNum":10,"from":4500,"pageRows":500,"totalRows":5000}
{"ts":"2026-05-27T18:46:58.517Z","level":"info","msg":"fetch_page","pageNum":20,"from":9500,"pageRows":500,"totalRows":10000}
{"ts":"2026-05-27T18:46:59.642Z","level":"info","msg":"fetch_page","pageNum":30,"from":14500,"pageRows":500,"totalRows":15000}
{"ts":"2026-05-27T18:47:00.867Z","level":"info","msg":"fetch_page","pageNum":40,"from":19500,"pageRows":500,"totalRows":20000}
{"ts":"2026-05-27T18:47:02.129Z","level":"info","msg":"fetch_page","pageNum":50,"from":24500,"pageRows":500,"totalRows":25000}
{"ts":"2026-05-27T18:47:03.432Z","level":"info","msg":"fetch_page","pageNum":60,"from":29500,"pageRows":500,"totalRows":30000}
{"ts":"2026-05-27T18:47:04.769Z","level":"info","msg":"fetch_page","pageNum":70,"from":34500,"pageRows":500,"totalRows":35000}
{"ts":"2026-05-27T18:47:05.443Z","level":"info","msg":"fetch_complete","totalRows":37337,"pages":75,"imageSource":"normal","column":"normal"}
{"ts":"2026-05-27T18:47:05.444Z","level":"info","msg":"rows_ready","count":37337,"fetchMs":9200}
{"ts":"2026-05-27T18:47:05.444Z","level":"info","msg":"build_start","total":37337,"fetchBatch":24}
{"ts":"2026-05-27T18:47:05.616Z","level":"info","msg":"batch_progress","batchIndex":1,"processed":24,"total":37337,"indexed":24,"skipped":0,"batchMs":171,"elapsedSec":0,"etaSec":267}
{"ts":"2026-05-27T18:47:05.958Z","level":"warn","msg":"row_skipped","reason":"fetch_or_decode_failed","name":"a-fires of invention"}
{"ts":"2026-05-27T18:47:06.527Z","level":"warn","msg":"row_skipped","reason":"fetch_or_decode_failed","name":"a-the meathook massacre"}
{"ts":"2026-05-27T18:47:06.529Z","level":"warn","msg":"row_skipped","reason":"fetch_or_decode_failed","name":"a-unholy heat"}
{"ts":"2026-05-27T18:47:07.777Z","level":"info","msg":"batch_progress","batchIndex":25,"processed":600,"total":37337,"indexed":597,"skipped":3,"batchMs":87,"elapsedSec":2,"etaSec":143}
{"ts":"2026-05-27T18:47:10.065Z","level":"info","msg":"batch_progress","batchIndex":50,"processed":1200,"total":37337,"indexed":1197,"skipped":3,"batchMs":95,"elapsedSec":5,"etaSec":139}
{"ts":"2026-05-27T18:47:12.380Z","level":"info","msg":"batch_progress","batchIndex":75,"processed":1800,"total":37337,"indexed":1797,"skipped":3,"batchMs":81,"elapsedSec":7,"etaSec":137}
{"ts":"2026-05-27T18:47:14.745Z","level":"info","msg":"batch_progress","batchIndex":100,"processed":2400,"total":37337,"indexed":2397,"skipped":3,"batchMs":77,"elapsedSec":9,"etaSec":135}
{"ts":"2026-05-27T18:47:17.288Z","level":"info","msg":"progress_tick","processed":3000,"total":37337,"skipped":3,"batchIndex":125,"batchMs":91,"indexed":2997}
{"ts":"2026-05-27T18:47:17.289Z","level":"info","msg":"batch_progress","batchIndex":125,"processed":3000,"total":37337,"indexed":2997,"skipped":3,"batchMs":91,"elapsedSec":12,"etaSec":136}
{"ts":"2026-05-27T18:47:19.527Z","level":"info","msg":"batch_progress","batchIndex":150,"processed":3600,"total":37337,"indexed":3597,"skipped":3,"batchMs":82,"elapsedSec":14,"etaSec":132}
{"ts":"2026-05-27T18:47:21.836Z","level":"info","msg":"batch_progress","batchIndex":175,"processed":4200,"total":37337,"indexed":4197,"skipped":3,"batchMs":99,"elapsedSec":16,"etaSec":129}
{"ts":"2026-05-27T18:47:23.998Z","level":"info","msg":"batch_progress","batchIndex":200,"processed":4800,"total":37337,"indexed":4797,"skipped":3,"batchMs":88,"elapsedSec":19,"etaSec":126}
{"ts":"2026-05-27T18:47:26.114Z","level":"info","msg":"batch_progress","batchIndex":225,"processed":5400,"total":37337,"indexed":5397,"skipped":3,"batchMs":83,"elapsedSec":21,"etaSec":122}
{"ts":"2026-05-27T18:47:28.344Z","level":"info","msg":"progress_tick","processed":6000,"total":37337,"skipped":3,"batchIndex":250,"batchMs":91,"indexed":5997}
{"ts":"2026-05-27T18:47:28.345Z","level":"info","msg":"batch_progress","batchIndex":250,"processed":6000,"total":37337,"indexed":5997,"skipped":3,"batchMs":91,"elapsedSec":23,"etaSec":120}
{"ts":"2026-05-27T18:47:30.369Z","level":"info","msg":"batch_progress","batchIndex":275,"processed":6600,"total":37337,"indexed":6597,"skipped":3,"batchMs":75,"elapsedSec":25,"etaSec":116}
{"ts":"2026-05-27T18:47:32.546Z","level":"info","msg":"batch_progress","batchIndex":300,"processed":7200,"total":37337,"indexed":7197,"skipped":3,"batchMs":78,"elapsedSec":27,"etaSec":113}
{"ts":"2026-05-27T18:47:34.669Z","level":"info","msg":"batch_progress","batchIndex":325,"processed":7800,"total":37337,"indexed":7797,"skipped":3,"batchMs":87,"elapsedSec":29,"etaSec":111}
{"ts":"2026-05-27T18:47:37.061Z","level":"info","msg":"batch_progress","batchIndex":350,"processed":8400,"total":37337,"indexed":8397,"skipped":3,"batchMs":89,"elapsedSec":32,"etaSec":109}
{"ts":"2026-05-27T18:47:39.443Z","level":"info","msg":"progress_tick","processed":9000,"total":37337,"skipped":3,"batchIndex":375,"batchMs":93,"indexed":8997}
{"ts":"2026-05-27T18:47:39.444Z","level":"info","msg":"batch_progress","batchIndex":375,"processed":9000,"total":37337,"indexed":8997,"skipped":3,"batchMs":93,"elapsedSec":34,"etaSec":107}
{"ts":"2026-05-27T18:47:41.566Z","level":"info","msg":"batch_progress","batchIndex":400,"processed":9600,"total":37337,"indexed":9597,"skipped":3,"batchMs":89,"elapsedSec":36,"etaSec":104}
{"ts":"2026-05-27T18:47:43.683Z","level":"info","msg":"batch_progress","batchIndex":425,"processed":10200,"total":37337,"indexed":10197,"skipped":3,"batchMs":75,"elapsedSec":38,"etaSec":102}
{"ts":"2026-05-27T18:47:45.905Z","level":"info","msg":"batch_progress","batchIndex":450,"processed":10800,"total":37337,"indexed":10797,"skipped":3,"batchMs":93,"elapsedSec":40,"etaSec":99}
{"ts":"2026-05-27T18:47:47.969Z","level":"info","msg":"batch_progress","batchIndex":475,"processed":11400,"total":37337,"indexed":11397,"skipped":3,"batchMs":80,"elapsedSec":43,"etaSec":97}
{"ts":"2026-05-27T18:47:50.333Z","level":"info","msg":"progress_tick","processed":12000,"total":37337,"skipped":3,"batchIndex":500,"batchMs":230,"indexed":11997}
{"ts":"2026-05-27T18:47:50.334Z","level":"info","msg":"batch_progress","batchIndex":500,"processed":12000,"total":37337,"indexed":11997,"skipped":3,"batchMs":230,"elapsedSec":45,"etaSec":95}
{"ts":"2026-05-27T18:47:52.470Z","level":"info","msg":"batch_progress","batchIndex":525,"processed":12600,"total":37337,"indexed":12597,"skipped":3,"batchMs":100,"elapsedSec":47,"etaSec":92}
{"ts":"2026-05-27T18:47:54.774Z","level":"info","msg":"batch_progress","batchIndex":550,"processed":13200,"total":37337,"indexed":13197,"skipped":3,"batchMs":106,"elapsedSec":49,"etaSec":90}
{"ts":"2026-05-27T18:47:56.954Z","level":"info","msg":"batch_progress","batchIndex":575,"processed":13800,"total":37337,"indexed":13797,"skipped":3,"batchMs":87,"elapsedSec":52,"etaSec":88}
{"ts":"2026-05-27T18:48:00.101Z","level":"info","msg":"batch_progress","batchIndex":600,"processed":14400,"total":37337,"indexed":14397,"skipped":3,"batchMs":222,"elapsedSec":55,"etaSec":87}
{"ts":"2026-05-27T18:48:04.091Z","level":"info","msg":"progress_tick","processed":15000,"total":37337,"skipped":3,"batchIndex":625,"batchMs":262,"indexed":14997}
{"ts":"2026-05-27T18:48:04.092Z","level":"info","msg":"batch_progress","batchIndex":625,"processed":15000,"total":37337,"indexed":14997,"skipped":3,"batchMs":262,"elapsedSec":59,"etaSec":87}
{"ts":"2026-05-27T18:48:09.937Z","level":"info","msg":"batch_progress","batchIndex":650,"processed":15600,"total":37337,"indexed":15597,"skipped":3,"batchMs":89,"elapsedSec":64,"etaSec":90}
{"ts":"2026-05-27T18:48:12.019Z","level":"info","msg":"batch_progress","batchIndex":675,"processed":16200,"total":37337,"indexed":16197,"skipped":3,"batchMs":84,"elapsedSec":67,"etaSec":87}
{"ts":"2026-05-27T18:48:14.791Z","level":"info","msg":"batch_progress","batchIndex":700,"processed":16800,"total":37337,"indexed":16797,"skipped":3,"batchMs":244,"elapsedSec":69,"etaSec":85}
{"ts":"2026-05-27T18:48:18.360Z","level":"info","msg":"batch_progress","batchIndex":725,"processed":17400,"total":37337,"indexed":17397,"skipped":3,"batchMs":102,"elapsedSec":73,"etaSec":84}
{"ts":"2026-05-27T18:48:22.468Z","level":"info","msg":"progress_tick","processed":18000,"total":37337,"skipped":3,"batchIndex":750,"batchMs":81,"indexed":17997}
{"ts":"2026-05-27T18:48:22.469Z","level":"info","msg":"batch_progress","batchIndex":750,"processed":18000,"total":37337,"indexed":17997,"skipped":3,"batchMs":81,"elapsedSec":77,"etaSec":83}
{"ts":"2026-05-27T18:48:25.218Z","level":"info","msg":"batch_progress","batchIndex":775,"processed":18600,"total":37337,"indexed":18597,"skipped":3,"batchMs":147,"elapsedSec":80,"etaSec":80}
{"ts":"2026-05-27T18:48:28.806Z","level":"info","msg":"batch_progress","batchIndex":800,"processed":19200,"total":37337,"indexed":19197,"skipped":3,"batchMs":103,"elapsedSec":83,"etaSec":79}
{"ts":"2026-05-27T18:48:32.444Z","level":"info","msg":"batch_progress","batchIndex":825,"processed":19800,"total":37337,"indexed":19797,"skipped":3,"batchMs":142,"elapsedSec":87,"etaSec":77}
{"ts":"2026-05-27T18:48:36.133Z","level":"info","msg":"batch_progress","batchIndex":850,"processed":20400,"total":37337,"indexed":20397,"skipped":3,"batchMs":156,"elapsedSec":91,"etaSec":75}
{"ts":"2026-05-27T18:48:39.461Z","level":"info","msg":"progress_tick","processed":21000,"total":37337,"skipped":3,"batchIndex":875,"batchMs":280,"indexed":20997}
{"ts":"2026-05-27T18:48:39.461Z","level":"info","msg":"batch_progress","batchIndex":875,"processed":21000,"total":37337,"indexed":20997,"skipped":3,"batchMs":280,"elapsedSec":94,"etaSec":73}
{"ts":"2026-05-27T18:48:43.004Z","level":"info","msg":"batch_progress","batchIndex":900,"processed":21600,"total":37337,"indexed":21597,"skipped":3,"batchMs":136,"elapsedSec":98,"etaSec":71}
{"ts":"2026-05-27T18:48:46.310Z","level":"info","msg":"batch_progress","batchIndex":925,"processed":22200,"total":37337,"indexed":22197,"skipped":3,"batchMs":119,"elapsedSec":101,"etaSec":69}
{"ts":"2026-05-27T18:48:49.641Z","level":"info","msg":"batch_progress","batchIndex":950,"processed":22800,"total":37337,"indexed":22797,"skipped":3,"batchMs":138,"elapsedSec":104,"etaSec":66}
{"ts":"2026-05-27T18:48:53.301Z","level":"info","msg":"batch_progress","batchIndex":975,"processed":23400,"total":37337,"indexed":23397,"skipped":3,"batchMs":144,"elapsedSec":108,"etaSec":64}
{"ts":"2026-05-27T18:48:56.705Z","level":"info","msg":"progress_tick","processed":24000,"total":37337,"skipped":3,"batchIndex":1000,"batchMs":139,"indexed":23997}
{"ts":"2026-05-27T18:48:56.706Z","level":"info","msg":"batch_progress","batchIndex":1000,"processed":24000,"total":37337,"indexed":23997,"skipped":3,"batchMs":139,"elapsedSec":111,"etaSec":62}
{"ts":"2026-05-27T18:49:00.525Z","level":"info","msg":"batch_progress","batchIndex":1025,"processed":24600,"total":37337,"indexed":24597,"skipped":3,"batchMs":158,"elapsedSec":115,"etaSec":60}
{"ts":"2026-05-27T18:49:06.647Z","level":"info","msg":"batch_progress","batchIndex":1050,"processed":25200,"total":37337,"indexed":25197,"skipped":3,"batchMs":92,"elapsedSec":121,"etaSec":58}
{"ts":"2026-05-27T18:49:08.972Z","level":"info","msg":"batch_progress","batchIndex":1075,"processed":25800,"total":37337,"indexed":25797,"skipped":3,"batchMs":93,"elapsedSec":124,"etaSec":55}
{"ts":"2026-05-27T18:49:12.295Z","level":"info","msg":"batch_progress","batchIndex":1100,"processed":26400,"total":37337,"indexed":26397,"skipped":3,"batchMs":150,"elapsedSec":127,"etaSec":53}
{"ts":"2026-05-27T18:49:15.927Z","level":"info","msg":"progress_tick","processed":27000,"total":37337,"skipped":3,"batchIndex":1125,"batchMs":143,"indexed":26997}
{"ts":"2026-05-27T18:49:15.928Z","level":"info","msg":"batch_progress","batchIndex":1125,"processed":27000,"total":37337,"indexed":26997,"skipped":3,"batchMs":143,"elapsedSec":130,"etaSec":50}
{"ts":"2026-05-27T18:49:19.479Z","level":"info","msg":"batch_progress","batchIndex":1150,"processed":27600,"total":37337,"indexed":27597,"skipped":3,"batchMs":143,"elapsedSec":134,"etaSec":47}
{"ts":"2026-05-27T18:49:22.958Z","level":"info","msg":"batch_progress","batchIndex":1175,"processed":28200,"total":37337,"indexed":28197,"skipped":3,"batchMs":145,"elapsedSec":138,"etaSec":45}
{"ts":"2026-05-27T18:49:26.341Z","level":"info","msg":"batch_progress","batchIndex":1200,"processed":28800,"total":37337,"indexed":28797,"skipped":3,"batchMs":142,"elapsedSec":141,"etaSec":42}
{"ts":"2026-05-27T18:49:30.451Z","level":"info","msg":"batch_progress","batchIndex":1225,"processed":29400,"total":37337,"indexed":29397,"skipped":3,"batchMs":370,"elapsedSec":145,"etaSec":39}
{"ts":"2026-05-27T18:49:34.599Z","level":"info","msg":"progress_tick","processed":30000,"total":37337,"skipped":3,"batchIndex":1250,"batchMs":108,"indexed":29997}
{"ts":"2026-05-27T18:49:34.600Z","level":"info","msg":"batch_progress","batchIndex":1250,"processed":30000,"total":37337,"indexed":29997,"skipped":3,"batchMs":108,"elapsedSec":149,"etaSec":36}
{"ts":"2026-05-27T18:49:37.942Z","level":"info","msg":"batch_progress","batchIndex":1275,"processed":30600,"total":37337,"indexed":30597,"skipped":3,"batchMs":126,"elapsedSec":152,"etaSec":34}
{"ts":"2026-05-27T18:49:41.679Z","level":"info","msg":"batch_progress","batchIndex":1300,"processed":31200,"total":37337,"indexed":31197,"skipped":3,"batchMs":91,"elapsedSec":156,"etaSec":31}
{"ts":"2026-05-27T18:49:45.208Z","level":"info","msg":"batch_progress","batchIndex":1325,"processed":31800,"total":37337,"indexed":31797,"skipped":3,"batchMs":141,"elapsedSec":160,"etaSec":28}
{"ts":"2026-05-27T18:49:48.967Z","level":"info","msg":"batch_progress","batchIndex":1350,"processed":32400,"total":37337,"indexed":32397,"skipped":3,"batchMs":132,"elapsedSec":164,"etaSec":25}
{"ts":"2026-05-27T18:49:51.987Z","level":"info","msg":"progress_tick","processed":33000,"total":37337,"skipped":3,"batchIndex":1375,"batchMs":85,"indexed":32997}
{"ts":"2026-05-27T18:49:51.989Z","level":"info","msg":"batch_progress","batchIndex":1375,"processed":33000,"total":37337,"indexed":32997,"skipped":3,"batchMs":85,"elapsedSec":167,"etaSec":22}
{"ts":"2026-05-27T18:49:55.170Z","level":"info","msg":"batch_progress","batchIndex":1400,"processed":33600,"total":37337,"indexed":33597,"skipped":3,"batchMs":182,"elapsedSec":170,"etaSec":19}
{"ts":"2026-05-27T18:49:58.793Z","level":"info","msg":"batch_progress","batchIndex":1425,"processed":34200,"total":37337,"indexed":34197,"skipped":3,"batchMs":145,"elapsedSec":173,"etaSec":16}
{"ts":"2026-05-27T18:50:02.552Z","level":"info","msg":"batch_progress","batchIndex":1450,"processed":34800,"total":37337,"indexed":34797,"skipped":3,"batchMs":147,"elapsedSec":177,"etaSec":13}
{"ts":"2026-05-27T18:50:06.895Z","level":"info","msg":"batch_progress","batchIndex":1475,"processed":35400,"total":37337,"indexed":35397,"skipped":3,"batchMs":145,"elapsedSec":181,"etaSec":10}
{"ts":"2026-05-27T18:50:10.505Z","level":"info","msg":"progress_tick","processed":36000,"total":37337,"skipped":3,"batchIndex":1500,"batchMs":169,"indexed":35997}
{"ts":"2026-05-27T18:50:10.506Z","level":"info","msg":"batch_progress","batchIndex":1500,"processed":36000,"total":37337,"indexed":35997,"skipped":3,"batchMs":169,"elapsedSec":185,"etaSec":7}
{"ts":"2026-05-27T18:50:14.365Z","level":"info","msg":"batch_progress","batchIndex":1525,"processed":36600,"total":37337,"indexed":36597,"skipped":3,"batchMs":94,"elapsedSec":189,"etaSec":4}
{"ts":"2026-05-27T18:50:18.722Z","level":"info","msg":"batch_progress","batchIndex":1550,"processed":37200,"total":37337,"indexed":37197,"skipped":3,"batchMs":359,"elapsedSec":193,"etaSec":1}
{"ts":"2026-05-27T18:50:19.563Z","level":"info","msg":"progress_tick","processed":37337,"total":37337,"skipped":3,"batchIndex":1556,"batchMs":90,"indexed":37334}
{"ts":"2026-05-27T18:50:19.565Z","level":"info","msg":"batch_progress","batchIndex":1556,"processed":37337,"total":37337,"indexed":37334,"skipped":3,"batchMs":90,"elapsedSec":194,"etaSec":0}
{"ts":"2026-05-27T18:50:19.565Z","level":"info","msg":"encode_start","indexed":37334}
{"ts":"2026-05-27T18:50:19.653Z","level":"info","msg":"encode_done","indexABytes":1155608,"indexBBytes":29529452,"encodeMs":88,"totalMs":194209}
{"ts":"2026-05-27T18:50:19.654Z","level":"info","msg":"upload_start","bucket":"scan-index","aPath":"v2/scan-index-a.bin","bPath":"v2/scan-index-b.bin","aBytes":1155608,"bBytes":29529452}
{"ts":"2026-05-27T18:50:22.354Z","level":"info","msg":"upload_done","manifestUrl":"https://sjstgotitjapjkvxryru.supabase.co/storage/v1/object/public/scan-index/manifest.json","cardCount":37334,"skipped":3,"logFile":"C:\\Users\\davy_\\Projects\\mtg_ai_assistant\\frontend\\logs\\scan-visual-index-1779907616230.log"}
{"ts":"2026-05-27T18:50:22.355Z","level":"info","msg":"verify_start","manifestUrl":"https://sjstgotitjapjkvxryru.supabase.co/storage/v1/object/public/scan-index/manifest.json"}
{"ts":"2026-05-27T18:50:22.611Z","level":"info","msg":"verify_manifest","version":2,"builtAt":"2026-05-27T18:50:22.154Z","cardCount":37334,"skipped":3,"imageSource":"normal","bReady":true,"a":{"version":2,"url":"https://sjstgotitjapjkvxryru.supabase.co/storage/v1/object/public/scan-index/v2/scan-index-a.bin","size":1155608},"b":{"version":2,"url":"https://sjstgotitjapjkvxryru.supabase.co/storage/v1/object/public/scan-index/v2/scan-index-b.bin","size":29529452}}
{"ts":"2026-05-27T18:50:23.864Z","level":"info","msg":"verify_index_a","bytes":1155608,"magic":"MTSA","header":{"version":1,"count":37334},"expectedCount":37334}
{"ts":"2026-05-27T18:50:23.865Z","level":"info","msg":"verify_index_b","bytes":29529452,"magic":"MTSB","header":{"version":1,"count":37334},"dim":768,"expectedCount":37334}
{"ts":"2026-05-27T18:50:23.865Z","level":"info","msg":"verify_ok","cardCount":37334}
