{"ts":"2026-05-27T18:46:13.665Z","level":"info","msg":"run_start","limit":"ALL","version":2,"imageSource":"normal","supabaseHost":"sjstgotitjapjkvxryru.supabase.co"}
{"ts":"2026-05-27T18:46:13.667Z","level":"info","msg":"fetch_config","imageSource":"normal","column":"normal"}
{"ts":"2026-05-27T18:46:14.010Z","level":"info","msg":"fetch_page","pageNum":1,"from":0,"pageRows":500,"totalRows":500}
{"ts":"2026-05-27T18:46:15.058Z","level":"info","msg":"fetch_page","pageNum":10,"from":4500,"pageRows":500,"totalRows":5000}
{"ts":"2026-05-27T18:46:16.149Z","level":"info","msg":"fetch_page","pageNum":20,"from":9500,"pageRows":500,"totalRows":10000}
{"ts":"2026-05-27T18:46:17.057Z","level":"info","msg":"fetch_page","pageNum":30,"from":14500,"pageRows":500,"totalRows":15000}
{"ts":"2026-05-27T18:46:18.107Z","level":"info","msg":"fetch_page","pageNum":40,"from":19500,"pageRows":500,"totalRows":20000}
{"ts":"2026-05-27T18:46:19.133Z","level":"info","msg":"fetch_page","pageNum":50,"from":24500,"pageRows":500,"totalRows":25000}
{"ts":"2026-05-27T18:46:20.165Z","level":"info","msg":"fetch_page","pageNum":60,"from":29500,"pageRows":500,"totalRows":30000}
{"ts":"2026-05-27T18:46:21.308Z","level":"info","msg":"fetch_page","pageNum":70,"from":34500,"pageRows":500,"totalRows":35000}
{"ts":"2026-05-27T18:46:21.841Z","level":"info","msg":"fetch_complete","totalRows":37337,"pages":75,"imageSource":"normal","column":"normal"}
{"ts":"2026-05-27T18:46:21.842Z","level":"info","msg":"rows_ready","count":37337,"fetchMs":8175}
{"ts":"2026-05-27T18:46:21.842Z","level":"info","msg":"build_start","total":37337,"fetchBatch":24}
{"ts":"2026-05-27T18:46:22.147Z","level":"info","msg":"batch_progress","batchIndex":1,"processed":24,"total":37337,"indexed":24,"skipped":0,"batchMs":304,"elapsedSec":0,"etaSec":474}
{"ts":"2026-05-27T18:46:22.838Z","level":"warn","msg":"row_skipped","reason":"fetch_or_decode_failed","name":"a-fires of invention"}
{"ts":"2026-05-27T18:46:23.644Z","level":"warn","msg":"row_skipped","reason":"fetch_or_decode_failed","name":"a-the meathook massacre"}
{"ts":"2026-05-27T18:46:23.645Z","level":"warn","msg":"row_skipped","reason":"fetch_or_decode_failed","name":"a-unholy heat"}
{"ts":"2026-05-27T18:46:25.455Z","level":"info","msg":"batch_progress","batchIndex":25,"processed":600,"total":37337,"indexed":597,"skipped":3,"batchMs":116,"elapsedSec":4,"etaSec":221}
{"ts":"2026-05-27T18:46:29.052Z","level":"info","msg":"batch_progress","batchIndex":50,"processed":1200,"total":37337,"indexed":1197,"skipped":3,"batchMs":135,"elapsedSec":7,"etaSec":217}
{"ts":"2026-05-27T18:46:33.034Z","level":"info","msg":"batch_progress","batchIndex":75,"processed":1800,"total":37337,"indexed":1797,"skipped":3,"batchMs":119,"elapsedSec":11,"etaSec":221}
{"ts":"2026-05-27T18:46:36.538Z","level":"info","msg":"batch_progress","batchIndex":100,"processed":2400,"total":37337,"indexed":2397,"skipped":3,"batchMs":71,"elapsedSec":15,"etaSec":214}
{"ts":"2026-05-27T18:46:39.981Z","level":"info","msg":"progress_tick","processed":3000,"total":37337,"skipped":3,"batchIndex":125,"batchMs":143,"indexed":2997}
{"ts":"2026-05-27T18:46:39.982Z","level":"info","msg":"batch_progress","batchIndex":125,"processed":3000,"total":37337,"indexed":2997,"skipped":3,"batchMs":143,"elapsedSec":18,"etaSec":208}
{"ts":"2026-05-27T18:46:42.935Z","level":"info","msg":"batch_progress","batchIndex":150,"processed":3600,"total":37337,"indexed":3597,"skipped":3,"batchMs":70,"elapsedSec":21,"etaSec":198}
{"ts":"2026-05-27T18:46:46.160Z","level":"info","msg":"batch_progress","batchIndex":175,"processed":4200,"total":37337,"indexed":4197,"skipped":3,"batchMs":142,"elapsedSec":24,"etaSec":192}
{"ts":"2026-05-27T18:46:49.360Z","level":"info","msg":"batch_progress","batchIndex":200,"processed":4800,"total":37337,"indexed":4797,"skipped":3,"batchMs":139,"elapsedSec":28,"etaSec":187}
{"ts":"2026-05-27T18:46:52.591Z","level":"info","msg":"batch_progress","batchIndex":225,"processed":5400,"total":37337,"indexed":5397,"skipped":3,"batchMs":142,"elapsedSec":31,"etaSec":182}
{"ts":"2026-05-27T18:46:55.547Z","level":"info","msg":"progress_tick","processed":6000,"total":37337,"skipped":3,"batchIndex":250,"batchMs":260,"indexed":5997}
{"ts":"2026-05-27T18:46:55.548Z","level":"info","msg":"batch_progress","batchIndex":250,"processed":6000,"total":37337,"indexed":5997,"skipped":3,"batchMs":260,"elapsedSec":34,"etaSec":176}
{"ts":"2026-05-27T18:46:59.205Z","level":"info","msg":"batch_progress","batchIndex":275,"processed":6600,"total":37337,"indexed":6597,"skipped":3,"batchMs":79,"elapsedSec":37,"etaSec":174}
{"ts":"2026-05-27T18:47:02.501Z","level":"info","msg":"batch_progress","batchIndex":300,"processed":7200,"total":37337,"indexed":7197,"skipped":3,"batchMs":143,"elapsedSec":41,"etaSec":170}
{"ts":"2026-05-27T18:47:06.102Z","level":"info","msg":"batch_progress","batchIndex":325,"processed":7800,"total":37337,"indexed":7797,"skipped":3,"batchMs":142,"elapsedSec":44,"etaSec":168}
{"ts":"2026-05-27T18:47:09.991Z","level":"info","msg":"batch_progress","batchIndex":350,"processed":8400,"total":37337,"indexed":8397,"skipped":3,"batchMs":143,"elapsedSec":48,"etaSec":166}
{"ts":"2026-05-27T18:47:13.635Z","level":"info","msg":"progress_tick","processed":9000,"total":37337,"skipped":3,"batchIndex":375,"batchMs":172,"indexed":8997}
{"ts":"2026-05-27T18:47:13.637Z","level":"info","msg":"batch_progress","batchIndex":375,"processed":9000,"total":37337,"indexed":8997,"skipped":3,"batchMs":172,"elapsedSec":52,"etaSec":163}
{"ts":"2026-05-27T18:47:17.377Z","level":"info","msg":"batch_progress","batchIndex":400,"processed":9600,"total":37337,"indexed":9597,"skipped":3,"batchMs":143,"elapsedSec":56,"etaSec":160}
{"ts":"2026-05-27T18:47:21.472Z","level":"info","msg":"batch_progress","batchIndex":425,"processed":10200,"total":37337,"indexed":10197,"skipped":3,"batchMs":91,"elapsedSec":60,"etaSec":159}
{"ts":"2026-05-27T18:47:34.609Z","level":"warn","msg":"row_skipped","reason":"fetch_or_decode_failed","name":"ezrim, agency chief // ezrim, agency chief"}
{"ts":"2026-05-27T18:47:36.521Z","level":"info","msg":"batch_progress","batchIndex":450,"processed":10800,"total":37337,"indexed":10796,"skipped":4,"batchMs":74,"elapsedSec":75,"etaSec":183}
{"ts":"2026-05-27T18:47:39.995Z","level":"info","msg":"batch_progress","batchIndex":475,"processed":11400,"total":37337,"indexed":11396,"skipped":4,"batchMs":86,"elapsedSec":78,"etaSec":178}
{"ts":"2026-05-27T18:47:44.248Z","level":"info","msg":"progress_tick","processed":12000,"total":37337,"skipped":4,"batchIndex":500,"batchMs":87,"indexed":11996}
{"ts":"2026-05-27T18:47:44.249Z","level":"info","msg":"batch_progress","batchIndex":500,"processed":12000,"total":37337,"indexed":11996,"skipped":4,"batchMs":87,"elapsedSec":82,"etaSec":174}
{"ts":"2026-05-27T18:47:49.321Z","level":"info","msg":"batch_progress","batchIndex":525,"processed":12600,"total":37337,"indexed":12596,"skipped":4,"batchMs":383,"elapsedSec":87,"etaSec":172}
{"ts":"2026-05-27T18:47:52.622Z","level":"info","msg":"batch_progress","batchIndex":550,"processed":13200,"total":37337,"indexed":13196,"skipped":4,"batchMs":138,"elapsedSec":91,"etaSec":166}
{"ts":"2026-05-27T18:47:56.356Z","level":"info","msg":"batch_progress","batchIndex":575,"processed":13800,"total":37337,"indexed":13796,"skipped":4,"batchMs":88,"elapsedSec":95,"etaSec":161}
{"ts":"2026-05-27T18:48:00.102Z","level":"info","msg":"batch_progress","batchIndex":600,"processed":14400,"total":37337,"indexed":14396,"skipped":4,"batchMs":222,"elapsedSec":98,"etaSec":157}
{"ts":"2026-05-27T18:48:04.091Z","level":"info","msg":"progress_tick","processed":15000,"total":37337,"skipped":4,"batchIndex":625,"batchMs":273,"indexed":14996}
{"ts":"2026-05-27T18:48:04.092Z","level":"info","msg":"batch_progress","batchIndex":625,"processed":15000,"total":37337,"indexed":14996,"skipped":4,"batchMs":273,"elapsedSec":102,"etaSec":152}
{"ts":"2026-05-27T18:48:07.845Z","level":"info","msg":"batch_progress","batchIndex":650,"processed":15600,"total":37337,"indexed":15596,"skipped":4,"batchMs":229,"elapsedSec":106,"etaSec":148}
{"ts":"2026-05-27T18:48:11.418Z","level":"info","msg":"batch_progress","batchIndex":675,"processed":16200,"total":37337,"indexed":16196,"skipped":4,"batchMs":142,"elapsedSec":110,"etaSec":143}
{"ts":"2026-05-27T18:48:14.784Z","level":"info","msg":"batch_progress","batchIndex":700,"processed":16800,"total":37337,"indexed":16796,"skipped":4,"batchMs":248,"elapsedSec":113,"etaSec":138}
{"ts":"2026-05-27T18:48:18.340Z","level":"info","msg":"batch_progress","batchIndex":725,"processed":17400,"total":37337,"indexed":17396,"skipped":4,"batchMs":86,"elapsedSec":116,"etaSec":133}
{"ts":"2026-05-27T18:48:21.923Z","level":"info","msg":"progress_tick","processed":18000,"total":37337,"skipped":4,"batchIndex":750,"batchMs":110,"indexed":17996}
{"ts":"2026-05-27T18:48:21.924Z","level":"info","msg":"batch_progress","batchIndex":750,"processed":18000,"total":37337,"indexed":17996,"skipped":4,"batchMs":110,"elapsedSec":120,"etaSec":129}
{"ts":"2026-05-27T18:48:25.213Z","level":"info","msg":"batch_progress","batchIndex":775,"processed":18600,"total":37337,"indexed":18596,"skipped":4,"batchMs":136,"elapsedSec":123,"etaSec":124}
{"ts":"2026-05-27T18:48:28.784Z","level":"info","msg":"batch_progress","batchIndex":800,"processed":19200,"total":37337,"indexed":19196,"skipped":4,"batchMs":99,"elapsedSec":127,"etaSec":120}
{"ts":"2026-05-27T18:48:32.447Z","level":"info","msg":"batch_progress","batchIndex":825,"processed":19800,"total":37337,"indexed":19796,"skipped":4,"batchMs":148,"elapsedSec":131,"etaSec":116}
{"ts":"2026-05-27T18:48:36.123Z","level":"info","msg":"batch_progress","batchIndex":850,"processed":20400,"total":37337,"indexed":20396,"skipped":4,"batchMs":124,"elapsedSec":134,"etaSec":111}
{"ts":"2026-05-27T18:48:39.465Z","level":"info","msg":"progress_tick","processed":21000,"total":37337,"skipped":4,"batchIndex":875,"batchMs":286,"indexed":20996}
{"ts":"2026-05-27T18:48:39.466Z","level":"info","msg":"batch_progress","batchIndex":875,"processed":21000,"total":37337,"indexed":20996,"skipped":4,"batchMs":286,"elapsedSec":138,"etaSec":107}
{"ts":"2026-05-27T18:48:42.999Z","level":"info","msg":"batch_progress","batchIndex":900,"processed":21600,"total":37337,"indexed":21596,"skipped":4,"batchMs":135,"elapsedSec":141,"etaSec":103}
{"ts":"2026-05-27T18:48:46.300Z","level":"info","msg":"batch_progress","batchIndex":925,"processed":22200,"total":37337,"indexed":22196,"skipped":4,"batchMs":109,"elapsedSec":144,"etaSec":98}
{"ts":"2026-05-27T18:48:49.641Z","level":"info","msg":"batch_progress","batchIndex":950,"processed":22800,"total":37337,"indexed":22796,"skipped":4,"batchMs":142,"elapsedSec":148,"etaSec":94}
{"ts":"2026-05-27T18:48:53.302Z","level":"info","msg":"batch_progress","batchIndex":975,"processed":23400,"total":37337,"indexed":23396,"skipped":4,"batchMs":145,"elapsedSec":151,"etaSec":90}
{"ts":"2026-05-27T18:48:56.713Z","level":"info","msg":"progress_tick","processed":24000,"total":37337,"skipped":4,"batchIndex":1000,"batchMs":147,"indexed":23996}
{"ts":"2026-05-27T18:48:56.714Z","level":"info","msg":"batch_progress","batchIndex":1000,"processed":24000,"total":37337,"indexed":23996,"skipped":4,"batchMs":147,"elapsedSec":155,"etaSec":86}
{"ts":"2026-05-27T18:49:00.509Z","level":"info","msg":"batch_progress","batchIndex":1025,"processed":24600,"total":37337,"indexed":24596,"skipped":4,"batchMs":141,"elapsedSec":159,"etaSec":82}
{"ts":"2026-05-27T18:49:04.519Z","level":"info","msg":"batch_progress","batchIndex":1050,"processed":25200,"total":37337,"indexed":25196,"skipped":4,"batchMs":146,"elapsedSec":163,"etaSec":78}
{"ts":"2026-05-27T18:49:08.248Z","level":"info","msg":"batch_progress","batchIndex":1075,"processed":25800,"total":37337,"indexed":25796,"skipped":4,"batchMs":144,"elapsedSec":166,"etaSec":74}
{"ts":"2026-05-27T18:49:12.297Z","level":"info","msg":"batch_progress","batchIndex":1100,"processed":26400,"total":37337,"indexed":26396,"skipped":4,"batchMs":153,"elapsedSec":170,"etaSec":71}
{"ts":"2026-05-27T18:49:15.925Z","level":"info","msg":"progress_tick","processed":27000,"total":37337,"skipped":4,"batchIndex":1125,"batchMs":146,"indexed":26996}
{"ts":"2026-05-27T18:49:15.925Z","level":"info","msg":"batch_progress","batchIndex":1125,"processed":27000,"total":37337,"indexed":26996,"skipped":4,"batchMs":146,"elapsedSec":174,"etaSec":67}
{"ts":"2026-05-27T18:49:19.460Z","level":"info","msg":"batch_progress","batchIndex":1150,"processed":27600,"total":37337,"indexed":27596,"skipped":4,"batchMs":129,"elapsedSec":178,"etaSec":63}
{"ts":"2026-05-27T18:49:23.009Z","level":"info","msg":"batch_progress","batchIndex":1175,"processed":28200,"total":37337,"indexed":28196,"skipped":4,"batchMs":200,"elapsedSec":181,"etaSec":59}
{"ts":"2026-05-27T18:49:26.336Z","level":"info","msg":"batch_progress","batchIndex":1200,"processed":28800,"total":37337,"indexed":28796,"skipped":4,"batchMs":140,"elapsedSec":184,"etaSec":55}
{"ts":"2026-05-27T18:49:30.449Z","level":"info","msg":"batch_progress","batchIndex":1225,"processed":29400,"total":37337,"indexed":29396,"skipped":4,"batchMs":375,"elapsedSec":189,"etaSec":51}
{"ts":"2026-05-27T18:49:34.579Z","level":"info","msg":"progress_tick","processed":30000,"total":37337,"skipped":4,"batchIndex":1250,"batchMs":94,"indexed":29996}
{"ts":"2026-05-27T18:49:34.580Z","level":"info","msg":"batch_progress","batchIndex":1250,"processed":30000,"total":37337,"indexed":29996,"skipped":4,"batchMs":94,"elapsedSec":193,"etaSec":47}
{"ts":"2026-05-27T18:49:37.936Z","level":"info","msg":"batch_progress","batchIndex":1275,"processed":30600,"total":37337,"indexed":30596,"skipped":4,"batchMs":139,"elapsedSec":196,"etaSec":43}
{"ts":"2026-05-27T18:49:41.660Z","level":"info","msg":"batch_progress","batchIndex":1300,"processed":31200,"total":37337,"indexed":31196,"skipped":4,"batchMs":83,"elapsedSec":200,"etaSec":39}
{"ts":"2026-05-27T18:49:45.202Z","level":"info","msg":"batch_progress","batchIndex":1325,"processed":31800,"total":37337,"indexed":31796,"skipped":4,"batchMs":136,"elapsedSec":203,"etaSec":35}
{"ts":"2026-05-27T18:49:48.965Z","level":"info","msg":"batch_progress","batchIndex":1350,"processed":32400,"total":37337,"indexed":32396,"skipped":4,"batchMs":138,"elapsedSec":207,"etaSec":32}
{"ts":"2026-05-27T18:49:51.996Z","level":"info","msg":"progress_tick","processed":33000,"total":37337,"skipped":4,"batchIndex":1375,"batchMs":86,"indexed":32996}
{"ts":"2026-05-27T18:49:51.997Z","level":"info","msg":"batch_progress","batchIndex":1375,"processed":33000,"total":37337,"indexed":32996,"skipped":4,"batchMs":86,"elapsedSec":210,"etaSec":28}
{"ts":"2026-05-27T18:49:55.165Z","level":"info","msg":"batch_progress","batchIndex":1400,"processed":33600,"total":37337,"indexed":33596,"skipped":4,"batchMs":180,"elapsedSec":213,"etaSec":24}
{"ts":"2026-05-27T18:49:58.796Z","level":"info","msg":"batch_progress","batchIndex":1425,"processed":34200,"total":37337,"indexed":34196,"skipped":4,"batchMs":130,"elapsedSec":217,"etaSec":20}
{"ts":"2026-05-27T18:50:02.563Z","level":"info","msg":"batch_progress","batchIndex":1450,"processed":34800,"total":37337,"indexed":34796,"skipped":4,"batchMs":152,"elapsedSec":221,"etaSec":16}
{"ts":"2026-05-27T18:50:06.911Z","level":"info","msg":"batch_progress","batchIndex":1475,"processed":35400,"total":37337,"indexed":35396,"skipped":4,"batchMs":156,"elapsedSec":225,"etaSec":12}
{"ts":"2026-05-27T18:50:10.508Z","level":"info","msg":"progress_tick","processed":36000,"total":37337,"skipped":4,"batchIndex":1500,"batchMs":163,"indexed":35996}
{"ts":"2026-05-27T18:50:10.509Z","level":"info","msg":"batch_progress","batchIndex":1500,"processed":36000,"total":37337,"indexed":35996,"skipped":4,"batchMs":163,"elapsedSec":229,"etaSec":8}
{"ts":"2026-05-27T18:50:14.377Z","level":"info","msg":"batch_progress","batchIndex":1525,"processed":36600,"total":37337,"indexed":36596,"skipped":4,"batchMs":99,"elapsedSec":233,"etaSec":5}
{"ts":"2026-05-27T18:50:18.733Z","level":"info","msg":"batch_progress","batchIndex":1550,"processed":37200,"total":37337,"indexed":37196,"skipped":4,"batchMs":363,"elapsedSec":237,"etaSec":1}
{"ts":"2026-05-27T18:50:19.581Z","level":"info","msg":"progress_tick","processed":37337,"total":37337,"skipped":4,"batchIndex":1556,"batchMs":99,"indexed":37333}
{"ts":"2026-05-27T18:50:19.581Z","level":"info","msg":"batch_progress","batchIndex":1556,"processed":37337,"total":37337,"indexed":37333,"skipped":4,"batchMs":99,"elapsedSec":238,"etaSec":0}
{"ts":"2026-05-27T18:50:19.582Z","level":"info","msg":"encode_start","indexed":37333}
{"ts":"2026-05-27T18:50:19.664Z","level":"info","msg":"encode_done","indexABytes":1155553,"indexBBytes":29528637,"encodeMs":82,"totalMs":237822}
{"ts":"2026-05-27T18:50:19.664Z","level":"info","msg":"upload_start","bucket":"scan-index","aPath":"v2/scan-index-a.bin","bPath":"v2/scan-index-b.bin","aBytes":1155553,"bBytes":29528637}
{"ts":"2026-05-27T18:50:22.205Z","level":"info","msg":"upload_done","manifestUrl":"https://sjstgotitjapjkvxryru.supabase.co/storage/v1/object/public/scan-index/manifest.json","cardCount":37333,"skipped":4,"logFile":"C:\\Users\\davy_\\Projects\\mtg_ai_assistant\\frontend\\logs\\scan-visual-index-1779907573653.log"}
{"ts":"2026-05-27T18:50:22.205Z","level":"info","msg":"verify_start","manifestUrl":"https://sjstgotitjapjkvxryru.supabase.co/storage/v1/object/public/scan-index/manifest.json"}
{"ts":"2026-05-27T18:50:22.506Z","level":"info","msg":"verify_manifest","version":2,"builtAt":"2026-05-27T18:50:22.154Z","cardCount":37334,"skipped":3,"imageSource":"normal","bReady":true,"a":{"version":2,"url":"https://sjstgotitjapjkvxryru.supabase.co/storage/v1/object/public/scan-index/v2/scan-index-a.bin","size":1155608},"b":{"version":2,"url":"https://sjstgotitjapjkvxryru.supabase.co/storage/v1/object/public/scan-index/v2/scan-index-b.bin","size":29529452}}
{"ts":"2026-05-27T18:50:23.646Z","level":"info","msg":"verify_index_a","bytes":1155608,"magic":"MTSA","header":{"version":1,"count":37334},"expectedCount":37334}
{"ts":"2026-05-27T18:50:23.646Z","level":"info","msg":"verify_index_b","bytes":29529452,"magic":"MTSB","header":{"version":1,"count":37334},"dim":768,"expectedCount":37334}
{"ts":"2026-05-27T18:50:23.647Z","level":"info","msg":"verify_ok","cardCount":37334}
