{"ts":"2026-05-27T16:05:03.232Z","level":"info","msg":"run_start","limit":"ALL","version":1,"supabaseHost":"sjstgotitjapjkvxryru.supabase.co"}
{"ts":"2026-05-27T16:05:03.512Z","level":"info","msg":"fetch_page","pageNum":1,"from":0,"pageRows":500,"totalRows":500}
{"ts":"2026-05-27T16:05:04.112Z","level":"info","msg":"fetch_page","pageNum":10,"from":4500,"pageRows":500,"totalRows":5000}
{"ts":"2026-05-27T16:05:04.807Z","level":"info","msg":"fetch_page","pageNum":20,"from":9500,"pageRows":500,"totalRows":10000}
{"ts":"2026-05-27T16:05:05.549Z","level":"info","msg":"fetch_page","pageNum":30,"from":14500,"pageRows":500,"totalRows":15000}
{"ts":"2026-05-27T16:05:06.337Z","level":"info","msg":"fetch_page","pageNum":40,"from":19500,"pageRows":500,"totalRows":20000}
{"ts":"2026-05-27T16:05:07.180Z","level":"info","msg":"fetch_page","pageNum":50,"from":24500,"pageRows":500,"totalRows":25000}
{"ts":"2026-05-27T16:05:08.069Z","level":"info","msg":"fetch_page","pageNum":60,"from":29500,"pageRows":500,"totalRows":30000}
{"ts":"2026-05-27T16:05:09.012Z","level":"info","msg":"fetch_page","pageNum":70,"from":34500,"pageRows":500,"totalRows":35000}
{"ts":"2026-05-27T16:05:09.497Z","level":"info","msg":"fetch_complete","totalRows":37337,"pages":75}
{"ts":"2026-05-27T16:05:09.498Z","level":"info","msg":"rows_ready","count":37337,"fetchMs":6264}
{"ts":"2026-05-27T16:05:09.498Z","level":"info","msg":"build_start","total":37337,"fetchBatch":24}
{"ts":"2026-05-27T16:05:09.686Z","level":"info","msg":"batch_progress","batchIndex":1,"processed":24,"total":37337,"indexed":24,"skipped":0,"batchMs":188,"elapsedSec":0,"etaSec":292}
{"ts":"2026-05-27T16:05:09.901Z","level":"warn","msg":"row_skipped","reason":"fetch_or_decode_failed","name":"a-alrund's epiphany"}
{"ts":"2026-05-27T16:05:10.056Z","level":"warn","msg":"row_skipped","reason":"fetch_or_decode_failed","name":"a-fires of invention"}
{"ts":"2026-05-27T16:05:10.268Z","level":"warn","msg":"row_skipped","reason":"fetch_or_decode_failed","name":"a-omnath, locus of creation"}
{"ts":"2026-05-27T16:05:10.473Z","level":"warn","msg":"row_skipped","reason":"fetch_or_decode_failed","name":"a-the meathook massacre"}
{"ts":"2026-05-27T16:05:10.474Z","level":"warn","msg":"row_skipped","reason":"fetch_or_decode_failed","name":"a-unholy heat"}
{"ts":"2026-05-27T16:05:11.991Z","level":"info","msg":"batch_progress","batchIndex":25,"processed":600,"total":37337,"indexed":595,"skipped":5,"batchMs":134,"elapsedSec":2,"etaSec":153}
{"ts":"2026-05-27T16:05:17.072Z","level":"info","msg":"batch_progress","batchIndex":50,"processed":1200,"total":37337,"indexed":1195,"skipped":5,"batchMs":261,"elapsedSec":8,"etaSec":228}
{"ts":"2026-05-27T16:05:24.595Z","level":"info","msg":"batch_progress","batchIndex":75,"processed":1800,"total":37337,"indexed":1795,"skipped":5,"batchMs":422,"elapsedSec":15,"etaSec":298}
{"ts":"2026-05-27T16:05:30.380Z","level":"info","msg":"batch_progress","batchIndex":100,"processed":2400,"total":37337,"indexed":2395,"skipped":5,"batchMs":262,"elapsedSec":21,"etaSec":304}
{"ts":"2026-05-27T16:05:35.501Z","level":"info","msg":"progress_tick","processed":3000,"total":37337,"skipped":5,"batchIndex":125,"batchMs":181,"indexed":2995}
{"ts":"2026-05-27T16:05:35.502Z","level":"info","msg":"batch_progress","batchIndex":125,"processed":3000,"total":37337,"indexed":2995,"skipped":5,"batchMs":181,"elapsedSec":26,"etaSec":298}
{"ts":"2026-05-27T16:05:42.443Z","level":"info","msg":"batch_progress","batchIndex":150,"processed":3600,"total":37337,"indexed":3595,"skipped":5,"batchMs":143,"elapsedSec":33,"etaSec":309}
{"ts":"2026-05-27T16:05:49.412Z","level":"info","msg":"batch_progress","batchIndex":175,"processed":4200,"total":37337,"indexed":4195,"skipped":5,"batchMs":297,"elapsedSec":40,"etaSec":315}
{"ts":"2026-05-27T16:05:55.526Z","level":"info","msg":"batch_progress","batchIndex":200,"processed":4800,"total":37337,"indexed":4795,"skipped":5,"batchMs":140,"elapsedSec":46,"etaSec":312}
{"ts":"2026-05-27T16:06:01.699Z","level":"info","msg":"batch_progress","batchIndex":225,"processed":5400,"total":37337,"indexed":5395,"skipped":5,"batchMs":522,"elapsedSec":52,"etaSec":309}
{"ts":"2026-05-27T16:06:08.492Z","level":"info","msg":"progress_tick","processed":6000,"total":37337,"skipped":5,"batchIndex":250,"batchMs":534,"indexed":5995}
{"ts":"2026-05-27T16:06:08.493Z","level":"info","msg":"batch_progress","batchIndex":250,"processed":6000,"total":37337,"indexed":5995,"skipped":5,"batchMs":534,"elapsedSec":59,"etaSec":308}
{"ts":"2026-05-27T16:06:14.706Z","level":"info","msg":"batch_progress","batchIndex":275,"processed":6600,"total":37337,"indexed":6595,"skipped":5,"batchMs":139,"elapsedSec":65,"etaSec":304}
{"ts":"2026-05-27T16:06:20.912Z","level":"info","msg":"batch_progress","batchIndex":300,"processed":7200,"total":37337,"indexed":7195,"skipped":5,"batchMs":140,"elapsedSec":71,"etaSec":299}
{"ts":"2026-05-27T16:06:27.700Z","level":"info","msg":"batch_progress","batchIndex":325,"processed":7800,"total":37337,"indexed":7795,"skipped":5,"batchMs":470,"elapsedSec":78,"etaSec":296}
{"ts":"2026-05-27T16:06:33.805Z","level":"info","msg":"batch_progress","batchIndex":350,"processed":8400,"total":37337,"indexed":8395,"skipped":5,"batchMs":421,"elapsedSec":84,"etaSec":290}
{"ts":"2026-05-27T16:06:38.953Z","level":"info","msg":"progress_tick","processed":9000,"total":37337,"skipped":5,"batchIndex":375,"batchMs":318,"indexed":8995}
{"ts":"2026-05-27T16:06:38.954Z","level":"info","msg":"batch_progress","batchIndex":375,"processed":9000,"total":37337,"indexed":8995,"skipped":5,"batchMs":318,"elapsedSec":89,"etaSec":282}
{"ts":"2026-05-27T16:06:44.732Z","level":"info","msg":"batch_progress","batchIndex":400,"processed":9600,"total":37337,"indexed":9595,"skipped":5,"batchMs":399,"elapsedSec":95,"etaSec":275}
{"ts":"2026-05-27T16:06:49.760Z","level":"info","msg":"batch_progress","batchIndex":425,"processed":10200,"total":37337,"indexed":10195,"skipped":5,"batchMs":267,"elapsedSec":100,"etaSec":267}
{"ts":"2026-05-27T16:06:56.788Z","level":"info","msg":"batch_progress","batchIndex":450,"processed":10800,"total":37337,"indexed":10795,"skipped":5,"batchMs":145,"elapsedSec":107,"etaSec":264}
{"ts":"2026-05-27T16:07:03.297Z","level":"info","msg":"batch_progress","batchIndex":475,"processed":11400,"total":37337,"indexed":11395,"skipped":5,"batchMs":194,"elapsedSec":114,"etaSec":259}
{"ts":"2026-05-27T16:07:12.160Z","level":"info","msg":"progress_tick","processed":12000,"total":37337,"skipped":5,"batchIndex":500,"batchMs":175,"indexed":11995}
{"ts":"2026-05-27T16:07:12.160Z","level":"info","msg":"batch_progress","batchIndex":500,"processed":12000,"total":37337,"indexed":11995,"skipped":5,"batchMs":175,"elapsedSec":123,"etaSec":259}
{"ts":"2026-05-27T16:07:20.385Z","level":"info","msg":"batch_progress","batchIndex":525,"processed":12600,"total":37337,"indexed":12595,"skipped":5,"batchMs":445,"elapsedSec":131,"etaSec":257}
{"ts":"2026-05-27T16:07:26.033Z","level":"info","msg":"batch_progress","batchIndex":550,"processed":13200,"total":37337,"indexed":13195,"skipped":5,"batchMs":215,"elapsedSec":137,"etaSec":250}
{"ts":"2026-05-27T16:07:33.109Z","level":"info","msg":"batch_progress","batchIndex":575,"processed":13800,"total":37337,"indexed":13795,"skipped":5,"batchMs":323,"elapsedSec":144,"etaSec":245}
{"ts":"2026-05-27T16:07:38.534Z","level":"info","msg":"batch_progress","batchIndex":600,"processed":14400,"total":37337,"indexed":14395,"skipped":5,"batchMs":148,"elapsedSec":149,"etaSec":237}
{"ts":"2026-05-27T16:07:46.559Z","level":"info","msg":"progress_tick","processed":15000,"total":37337,"skipped":5,"batchIndex":625,"batchMs":513,"indexed":14995}
{"ts":"2026-05-27T16:07:46.560Z","level":"info","msg":"batch_progress","batchIndex":625,"processed":15000,"total":37337,"indexed":14995,"skipped":5,"batchMs":513,"elapsedSec":157,"etaSec":234}
{"ts":"2026-05-27T16:07:52.668Z","level":"info","msg":"batch_progress","batchIndex":650,"processed":15600,"total":37337,"indexed":15595,"skipped":5,"batchMs":296,"elapsedSec":163,"etaSec":227}
{"ts":"2026-05-27T16:07:59.208Z","level":"info","msg":"batch_progress","batchIndex":675,"processed":16200,"total":37337,"indexed":16195,"skipped":5,"batchMs":560,"elapsedSec":170,"etaSec":221}
{"ts":"2026-05-27T16:08:06.413Z","level":"info","msg":"batch_progress","batchIndex":700,"processed":16800,"total":37337,"indexed":16795,"skipped":5,"batchMs":380,"elapsedSec":177,"etaSec":216}
{"ts":"2026-05-27T16:08:12.785Z","level":"info","msg":"batch_progress","batchIndex":725,"processed":17400,"total":37337,"indexed":17395,"skipped":5,"batchMs":145,"elapsedSec":183,"etaSec":210}
{"ts":"2026-05-27T16:08:18.721Z","level":"info","msg":"progress_tick","processed":18000,"total":37337,"skipped":5,"batchIndex":750,"batchMs":152,"indexed":17995}
{"ts":"2026-05-27T16:08:18.723Z","level":"info","msg":"batch_progress","batchIndex":750,"processed":18000,"total":37337,"indexed":17995,"skipped":5,"batchMs":152,"elapsedSec":189,"etaSec":203}
{"ts":"2026-05-27T16:08:25.222Z","level":"info","msg":"batch_progress","batchIndex":775,"processed":18600,"total":37337,"indexed":18595,"skipped":5,"batchMs":332,"elapsedSec":196,"etaSec":197}
{"ts":"2026-05-27T16:08:31.604Z","level":"info","msg":"batch_progress","batchIndex":800,"processed":19200,"total":37337,"indexed":19195,"skipped":5,"batchMs":368,"elapsedSec":202,"etaSec":191}
{"ts":"2026-05-27T16:08:37.968Z","level":"info","msg":"batch_progress","batchIndex":825,"processed":19800,"total":37337,"indexed":19795,"skipped":5,"batchMs":247,"elapsedSec":208,"etaSec":185}
{"ts":"2026-05-27T16:08:44.404Z","level":"info","msg":"batch_progress","batchIndex":850,"processed":20400,"total":37337,"indexed":20395,"skipped":5,"batchMs":193,"elapsedSec":215,"etaSec":178}
{"ts":"2026-05-27T16:08:50.952Z","level":"info","msg":"progress_tick","processed":21000,"total":37337,"skipped":5,"batchIndex":875,"batchMs":150,"indexed":20995}
{"ts":"2026-05-27T16:08:50.953Z","level":"info","msg":"batch_progress","batchIndex":875,"processed":21000,"total":37337,"indexed":20995,"skipped":5,"batchMs":150,"elapsedSec":221,"etaSec":172}
{"ts":"2026-05-27T16:08:58.090Z","level":"info","msg":"batch_progress","batchIndex":900,"processed":21600,"total":37337,"indexed":21595,"skipped":5,"batchMs":258,"elapsedSec":229,"etaSec":167}
{"ts":"2026-05-27T16:09:03.564Z","level":"info","msg":"batch_progress","batchIndex":925,"processed":22200,"total":37337,"indexed":22195,"skipped":5,"batchMs":152,"elapsedSec":234,"etaSec":160}
{"ts":"2026-05-27T16:09:09.469Z","level":"info","msg":"batch_progress","batchIndex":950,"processed":22800,"total":37337,"indexed":22795,"skipped":5,"batchMs":156,"elapsedSec":240,"etaSec":153}
{"ts":"2026-05-27T16:09:17.435Z","level":"info","msg":"batch_progress","batchIndex":975,"processed":23400,"total":37337,"indexed":23395,"skipped":5,"batchMs":351,"elapsedSec":248,"etaSec":148}
{"ts":"2026-05-27T16:09:23.729Z","level":"info","msg":"progress_tick","processed":24000,"total":37337,"skipped":5,"batchIndex":1000,"batchMs":148,"indexed":23995}
{"ts":"2026-05-27T16:09:23.730Z","level":"info","msg":"batch_progress","batchIndex":1000,"processed":24000,"total":37337,"indexed":23995,"skipped":5,"batchMs":148,"elapsedSec":254,"etaSec":141}
{"ts":"2026-05-27T16:09:30.039Z","level":"info","msg":"batch_progress","batchIndex":1025,"processed":24600,"total":37337,"indexed":24595,"skipped":5,"batchMs":151,"elapsedSec":261,"etaSec":135}
{"ts":"2026-05-27T16:09:36.433Z","level":"info","msg":"batch_progress","batchIndex":1050,"processed":25200,"total":37337,"indexed":25195,"skipped":5,"batchMs":161,"elapsedSec":267,"etaSec":129}
{"ts":"2026-05-27T16:09:42.871Z","level":"info","msg":"batch_progress","batchIndex":1075,"processed":25800,"total":37337,"indexed":25795,"skipped":5,"batchMs":172,"elapsedSec":273,"etaSec":122}
{"ts":"2026-05-27T16:09:48.347Z","level":"info","msg":"batch_progress","batchIndex":1100,"processed":26400,"total":37337,"indexed":26395,"skipped":5,"batchMs":285,"elapsedSec":279,"etaSec":116}
{"ts":"2026-05-27T16:09:55.782Z","level":"info","msg":"progress_tick","processed":27000,"total":37337,"skipped":5,"batchIndex":1125,"batchMs":152,"indexed":26995}
{"ts":"2026-05-27T16:09:55.783Z","level":"info","msg":"batch_progress","batchIndex":1125,"processed":27000,"total":37337,"indexed":26995,"skipped":5,"batchMs":152,"elapsedSec":286,"etaSec":110}
{"ts":"2026-05-27T16:10:03.481Z","level":"info","msg":"batch_progress","batchIndex":1150,"processed":27600,"total":37337,"indexed":27595,"skipped":5,"batchMs":305,"elapsedSec":294,"etaSec":104}
{"ts":"2026-05-27T16:10:09.672Z","level":"info","msg":"batch_progress","batchIndex":1175,"processed":28200,"total":37337,"indexed":28195,"skipped":5,"batchMs":357,"elapsedSec":300,"etaSec":97}
{"ts":"2026-05-27T16:10:16.718Z","level":"info","msg":"batch_progress","batchIndex":1200,"processed":28800,"total":37337,"indexed":28795,"skipped":5,"batchMs":376,"elapsedSec":307,"etaSec":91}
{"ts":"2026-05-27T16:10:22.970Z","level":"info","msg":"batch_progress","batchIndex":1225,"processed":29400,"total":37337,"indexed":29395,"skipped":5,"batchMs":147,"elapsedSec":313,"etaSec":85}
{"ts":"2026-05-27T16:10:30.003Z","level":"info","msg":"progress_tick","processed":30000,"total":37337,"skipped":5,"batchIndex":1250,"batchMs":149,"indexed":29995}
{"ts":"2026-05-27T16:10:30.004Z","level":"info","msg":"batch_progress","batchIndex":1250,"processed":30000,"total":37337,"indexed":29995,"skipped":5,"batchMs":149,"elapsedSec":321,"etaSec":78}
{"ts":"2026-05-27T16:10:36.768Z","level":"info","msg":"batch_progress","batchIndex":1275,"processed":30600,"total":37337,"indexed":30595,"skipped":5,"batchMs":251,"elapsedSec":327,"etaSec":72}
{"ts":"2026-05-27T16:10:42.869Z","level":"info","msg":"batch_progress","batchIndex":1300,"processed":31200,"total":37337,"indexed":31195,"skipped":5,"batchMs":327,"elapsedSec":333,"etaSec":66}
{"ts":"2026-05-27T16:10:49.134Z","level":"info","msg":"batch_progress","batchIndex":1325,"processed":31800,"total":37337,"indexed":31795,"skipped":5,"batchMs":172,"elapsedSec":340,"etaSec":59}
{"ts":"2026-05-27T16:10:55.282Z","level":"info","msg":"batch_progress","batchIndex":1350,"processed":32400,"total":37337,"indexed":32395,"skipped":5,"batchMs":139,"elapsedSec":346,"etaSec":53}
{"ts":"2026-05-27T16:11:00.234Z","level":"info","msg":"progress_tick","processed":33000,"total":37337,"skipped":5,"batchIndex":1375,"batchMs":273,"indexed":32995}
{"ts":"2026-05-27T16:11:00.235Z","level":"info","msg":"batch_progress","batchIndex":1375,"processed":33000,"total":37337,"indexed":32995,"skipped":5,"batchMs":273,"elapsedSec":351,"etaSec":46}
{"ts":"2026-05-27T16:11:06.136Z","level":"info","msg":"batch_progress","batchIndex":1400,"processed":33600,"total":37337,"indexed":33595,"skipped":5,"batchMs":270,"elapsedSec":357,"etaSec":40}
{"ts":"2026-05-27T16:11:13.771Z","level":"info","msg":"batch_progress","batchIndex":1425,"processed":34200,"total":37337,"indexed":34195,"skipped":5,"batchMs":522,"elapsedSec":364,"etaSec":33}
{"ts":"2026-05-27T16:11:19.963Z","level":"info","msg":"batch_progress","batchIndex":1450,"processed":34800,"total":37337,"indexed":34795,"skipped":5,"batchMs":142,"elapsedSec":370,"etaSec":27}
{"ts":"2026-05-27T16:11:26.988Z","level":"info","msg":"batch_progress","batchIndex":1475,"processed":35400,"total":37337,"indexed":35395,"skipped":5,"batchMs":190,"elapsedSec":377,"etaSec":21}
{"ts":"2026-05-27T16:11:33.571Z","level":"info","msg":"progress_tick","processed":36000,"total":37337,"skipped":5,"batchIndex":1500,"batchMs":329,"indexed":35995}
{"ts":"2026-05-27T16:11:33.572Z","level":"info","msg":"batch_progress","batchIndex":1500,"processed":36000,"total":37337,"indexed":35995,"skipped":5,"batchMs":329,"elapsedSec":384,"etaSec":14}
{"ts":"2026-05-27T16:11:40.179Z","level":"info","msg":"batch_progress","batchIndex":1525,"processed":36600,"total":37337,"indexed":36595,"skipped":5,"batchMs":279,"elapsedSec":391,"etaSec":8}
{"ts":"2026-05-27T16:11:46.589Z","level":"info","msg":"batch_progress","batchIndex":1550,"processed":37200,"total":37337,"indexed":37195,"skipped":5,"batchMs":452,"elapsedSec":397,"etaSec":1}
{"ts":"2026-05-27T16:11:47.834Z","level":"info","msg":"progress_tick","processed":37337,"total":37337,"skipped":5,"batchIndex":1556,"batchMs":263,"indexed":37332}
{"ts":"2026-05-27T16:11:47.835Z","level":"info","msg":"batch_progress","batchIndex":1556,"processed":37337,"total":37337,"indexed":37332,"skipped":5,"batchMs":263,"elapsedSec":398,"etaSec":0}
{"ts":"2026-05-27T16:11:47.835Z","level":"info","msg":"encode_start","indexed":37332}
{"ts":"2026-05-27T16:11:47.928Z","level":"info","msg":"encode_done","indexABytes":1155536,"indexBBytes":29527860,"encodeMs":93,"totalMs":398430}
{"ts":"2026-05-27T16:11:47.928Z","level":"info","msg":"upload_start","bucket":"scan-index","aPath":"v1/scan-index-a.bin","bPath":"v1/scan-index-b.bin","aBytes":1155536,"bBytes":29527860}
{"ts":"2026-05-27T16:11:50.378Z","level":"info","msg":"upload_done","manifestUrl":"https://sjstgotitjapjkvxryru.supabase.co/storage/v1/object/public/scan-index/manifest.json","cardCount":37332,"skipped":5,"logFile":"C:\\Users\\davy_\\Projects\\mtg_ai_assistant\\frontend\\logs\\scan-visual-index-1779897903221.log"}
{"ts":"2026-05-27T16:11:50.379Z","level":"info","msg":"verify_start","manifestUrl":"https://sjstgotitjapjkvxryru.supabase.co/storage/v1/object/public/scan-index/manifest.json"}
{"ts":"2026-05-27T16:11:50.743Z","level":"info","msg":"verify_manifest","version":1,"builtAt":"2026-05-27T16:11:50.210Z","cardCount":37332,"skipped":5,"bReady":true,"a":{"version":1,"url":"https://sjstgotitjapjkvxryru.supabase.co/storage/v1/object/public/scan-index/v1/scan-index-a.bin","size":1155536},"b":{"version":1,"url":"https://sjstgotitjapjkvxryru.supabase.co/storage/v1/object/public/scan-index/v1/scan-index-b.bin","size":29527860}}
{"ts":"2026-05-27T16:11:51.911Z","level":"info","msg":"verify_index_a","bytes":1155536,"magic":"MTSA","header":{"version":1,"count":37332},"expectedCount":37332}
{"ts":"2026-05-27T16:11:51.911Z","level":"info","msg":"verify_index_b","bytes":29527860,"magic":"MTSB","header":{"version":1,"count":37332},"dim":768,"expectedCount":37332}
{"ts":"2026-05-27T16:11:51.911Z","level":"info","msg":"verify_ok","cardCount":37332}
